<?xml version="1.0" encoding="UTF-8"?>
<testsuite xmlns:xsi="http://www.w3.org/2001/XMLSchema-instance" xsi:noNamespaceSchemaLocation="https://maven.apache.org/surefire/maven-surefire-plugin/xsd/surefire-test-report-3.0.xsd" version="3.0" name="com.api.filter.FilterTest" time="0.106" tests="21" errors="0" skipped="0" failures="0">
  <properties>
    <property name="java.specification.version" value="17"/>
    <property name="sun.cpu.isalist" value="amd64"/>
    <property name="sun.jnu.encoding" value="Cp1252"/>
    <property name="java.class.path" value="C:\Work\my-filters-project\target\test-classes;C:\Work\my-filters-project\target\classes;C:\Users\camer\.m2\repository\junit\junit\4.13.2\junit-4.13.2.jar;C:\Users\camer\.m2\repository\org\hamcrest\hamcrest-core\1.3\hamcrest-core-1.3.jar;"/>
    <property name="java.vm.vendor" value="Eclipse Adoptium"/>
    <property name="sun.arch.data.model" value="64"/>
    <property name="user.variant" value=""/>
    <property name="java.vendor.url" value="https://adoptium.net/"/>
    <property name="user.timezone" value="Europe/London"/>
    <property name="os.name" value="Windows 10"/>
    <property name="java.vm.specification.version" value="17"/>
    <property name="sun.java.launcher" value="SUN_STANDARD"/>
    <property name="user.country" value="GB"/>
    <property name="sun.boot.library.path" value="C:\Program Files\Eclipse Adoptium\jdk-17.0.8.101-hotspot\bin"/>
    <property name="sun.java.command" value="C:\Users\camer\AppData\Local\Temp\surefire11892004142877100890\surefirebooter-20250407211708202_3.jar C:\Users\camer\AppData\Local\Temp\surefire11892004142877100890 2025-04-07T21-17-08_016-jvmRun1 surefire-20250407211708202_1tmp surefire_0-20250407211708202_2tmp"/>
    <property name="jdk.debug" value="release"/>
    <property name="surefire.test.class.path" value="C:\Work\my-filters-project\target\test-classes;C:\Work\my-filters-project\target\classes;C:\Users\camer\.m2\repository\junit\junit\4.13.2\junit-4.13.2.jar;C:\Users\camer\.m2\repository\org\hamcrest\hamcrest-core\1.3\hamcrest-core-1.3.jar;"/>
    <property name="sun.cpu.endian" value="little"/>
    <property name="user.home" value="C:\Users\camer"/>
    <property name="user.language" value="en"/>
    <property name="java.specification.vendor" value="Oracle Corporation"/>
    <property name="java.version.date" value="2023-08-24"/>
    <property name="java.home" value="C:\Program Files\Eclipse Adoptium\jdk-17.0.8.101-hotspot"/>
    <property name="file.separator" value="\"/>
    <property name="basedir" value="C:\Work\my-filters-project"/>
    <property name="java.vm.compressedOopsMode" value="Zero based"/>
    <property name="line.separator" value="&#10;"/>
    <property name="java.vm.specification.vendor" value="Oracle Corporation"/>
    <property name="java.specification.name" value="Java Platform API Specification"/>
    <property name="surefire.real.class.path" value="C:\Users\camer\AppData\Local\Temp\surefire11892004142877100890\surefirebooter-20250407211708202_3.jar"/>
    <property name="user.script" value=""/>
    <property name="sun.management.compiler" value="HotSpot 64-Bit Tiered Compilers"/>
    <property name="java.runtime.version" value="17.0.8.1+1"/>
    <property name="user.name" value="camer"/>
    <property name="path.separator" value=";"/>
    <property name="os.version" value="10.0"/>
    <property name="java.runtime.name" value="OpenJDK Runtime Environment"/>
    <property name="file.encoding" value="Cp1252"/>
    <property name="java.vm.name" value="OpenJDK 64-Bit Server VM"/>
    <property name="java.vendor.version" value="Temurin-17.0.8.1+1"/>
    <property name="localRepository" value="C:\Users\camer\.m2\repository"/>
    <property name="java.vendor.url.bug" value="https://github.com/adoptium/adoptium-support/issues"/>
    <property name="java.io.tmpdir" value="C:\Users\camer\AppData\Local\Temp\"/>
    <property name="java.version" value="17.0.8.1"/>
    <property name="user.dir" value="C:\Work\my-filters-project"/>
    <property name="os.arch" value="amd64"/>
    <property name="java.vm.specification.name" value="Java Virtual Machine Specification"/>
    <property name="sun.os.patch.level" value=""/>
    <property name="native.encoding" value="Cp1252"/>
    <property name="java.library.path" value="C:\Program Files\Eclipse Adoptium\jdk-17.0.8.101-hotspot\bin;C:\Windows\Sun\Java\bin;C:\Windows\system32;C:\Windows;C:\Program Files\Oculus\Support\oculus-runtime;C:\Program Files\Eclipse Adoptium\jdk-17.0.8.101-hotspot\bin;C:\Windows\system32;C:\Windows;C:\Windows\System32\Wbem;C:\Windows\System32\WindowsPowerShell\v1.0\;C:\Windows\System32\OpenSSH\;C:\Program Files (x86)\NVIDIA Corporation\PhysX\Common;C:\Program Files\NVIDIA Corporation\NVIDIA NvDLISR;C:\Program Files\Git\cmd;C:\Users\camer\AppData\Local\Programs\Python\Python310;C:\Program Files\Go\bin;C:\Program Files\dotnet\;C:\_tools\apache-maven-3.9.9-bin\apache-maven-3.9.9\bin;C:\Users\camer\AppData\Local\Microsoft\WindowsApps;C:\Users\camer\AppData\Local\Programs\Microsoft VS Code\bin;C:\go\bin;C:\Users\camer\.dotnet\tools;C:\Users\camer\AppData\Local\Programs\cursor\resources\app\bin;."/>
    <property name="java.vm.info" value="mixed mode, sharing"/>
    <property name="java.vendor" value="Eclipse Adoptium"/>
    <property name="java.vm.version" value="17.0.8.1+1"/>
    <property name="sun.io.unicode.encoding" value="UnicodeLittle"/>
    <property name="java.class.version" value="61.0"/>
  </properties>
  <testcase name="testToString" classname="com.api.filter.FilterTest" time="0.015"/>
  <testcase name="testGreaterThanFilter" classname="com.api.filter.FilterTest" time="0.0"/>
  <testcase name="testRegexFilterWithNullRegex" classname="com.api.filter.FilterTest" time="0.0"/>
  <testcase name="testEqualsFilter" classname="com.api.filter.FilterTest" time="0.0"/>
  <testcase name="testPresentFilterWithEmptyPropertyName" classname="com.api.filter.FilterTest" time="0.0"/>
  <testcase name="testAndFilterWithEmptyFilters" classname="com.api.filter.FilterTest" time="0.001"/>
  <testcase name="testComplexFilterCombinations" classname="com.api.filter.FilterTest" time="0.001"/>
  <testcase name="testAndFilter" classname="com.api.filter.FilterTest" time="0.0"/>
  <testcase name="testRegexFilterWithInvalidRegex" classname="com.api.filter.FilterTest" time="0.001"/>
  <testcase name="testPresentFilterWithInvalidPropertyName" classname="com.api.filter.FilterTest" time="0.0"/>
  <testcase name="testEqualsFilterWithNullValue" classname="com.api.filter.FilterTest" time="0.001"/>
  <testcase name="testOrFilter" classname="com.api.filter.FilterTest" time="0.0"/>
  <testcase name="testPresentFilter" classname="com.api.filter.FilterTest" time="0.0"/>
  <testcase name="testBooleanLiterals" classname="com.api.filter.FilterTest" time="0.001"/>
  <testcase name="testGreaterThanFilterWithNonNumericValue" classname="com.api.filter.FilterTest" time="0.0"/>
  <testcase name="testNotFilter" classname="com.api.filter.FilterTest" time="0.001"/>
  <testcase name="testAndFilterWithNullFilters" classname="com.api.filter.FilterTest" time="0.002"/>
  <testcase name="testAndFilterWithNullFilter" classname="com.api.filter.FilterTest" time="0.0"/>
  <testcase name="testLessThanFilter" classname="com.api.filter.FilterTest" time="0.0"/>
  <testcase name="testRegexFilter" classname="com.api.filter.FilterTest" time="0.0"/>
  <testcase name="testNotFilterWithNullFilter" classname="com.api.filter.FilterTest" time="0.002"/>
</testsuite>